<?xml version="1.0" encoding="UTF-8"?>
<TestRun id="585a1eaf-fe10-410c-b8a5-869dcccd16c6" name="KIMLZY2@IN40400042-0 2012-05-31 18:52:45" runUser="KKHAD\KIMLZY2" xmlns="http://microsoft.com/schemas/VisualStudio/TeamTest/2010">
  <TestSettings name="Default Test Settings" id="f17c2bd2-b448-466a-bce4-33e99a418c45">
    <Deployment runDeploymentRoot="KIMLZY2_IN40400042-0 2012-05-31 18_52_45">
      <DeploymentItem filename="C:\git_repository\MvcExpenseGit1\MvcExpense\MvcExpense\bin\MvcExpense.dll" />
    </Deployment>
    <Execution>
      <TestTypeSpecific />
      <AgentRule name="Execution Agents">
      </AgentRule>
    </Execution>
  </TestSettings>
  <Times creation="2012-05-31T18:52:45.5327973+08:00" queuing="2012-05-31T18:52:46.4458886+08:00" start="2012-05-31T18:52:46.4638904+08:00" finish="2012-05-31T18:52:47.0579498+08:00" />
  <ResultSummary outcome="Completed">
    <Counters total="1" executed="1" passed="1" error="0" failed="0" timeout="0" aborted="0" inconclusive="0" passedButRunAborted="0" notRunnable="0" notExecuted="0" disconnected="0" warning="0" completed="0" inProgress="0" pending="0" />
  </ResultSummary>
  <TestDefinitions>
    <UnitTest name="TestCreateDateRangeWithDay" storage="c:\git_repository\mvcexpensegit1\mvcexpense\mvcexpense.tests\bin\debug\mvcexpense.tests.dll" id="db2561a8-777d-df49-bbd7-fd1a1cf9d00f">
      <Execution id="c81b4825-8a4f-4a48-9545-e2af15d7c7cb" />
      <TestMethod codeBase="C:/git_repository/MvcExpenseGit1/MvcExpense/MvcExpense.Tests/bin/Debug/MvcExpense.Tests.DLL" adapterTypeName="Microsoft.VisualStudio.TestTools.TestTypes.Unit.UnitTestAdapter, Microsoft.VisualStudio.QualityTools.Tips.UnitTest.Adapter, Version=10.0.0.0, Culture=neutral, PublicKeyToken=b03f5f7f11d50a3a" className="MvcExpense.Tests.HelperClasses.DateRangeTest, MvcExpense.Tests, Version=1.0.0.0, Culture=neutral, PublicKeyToken=null" name="TestCreateDateRangeWithDay" />
    </UnitTest>
  </TestDefinitions>
  <TestLists>
    <TestList name="Results Not in a List" id="8c84fa94-04c1-424b-9868-57a2d4851a1d" />
    <TestList name="All Loaded Results" id="19431567-8539-422a-85d7-44ee4e166bda" />
  </TestLists>
  <TestEntries>
    <TestEntry testId="db2561a8-777d-df49-bbd7-fd1a1cf9d00f" executionId="c81b4825-8a4f-4a48-9545-e2af15d7c7cb" testListId="8c84fa94-04c1-424b-9868-57a2d4851a1d" />
  </TestEntries>
  <Results>
    <UnitTestResult executionId="c81b4825-8a4f-4a48-9545-e2af15d7c7cb" testId="db2561a8-777d-df49-bbd7-fd1a1cf9d00f" testName="TestCreateDateRangeWithDay" computerName="IN40400042-0" duration="00:00:00.0367429" startTime="2012-05-31T18:52:46.4918932+08:00" endTime="2012-05-31T18:52:47.0119452+08:00" testType="13cdc9d9-ddb5-4fa4-a97d-d965ccfc6d4b" outcome="Passed" testListId="8c84fa94-04c1-424b-9868-57a2d4851a1d" relativeResultsDirectory="c81b4825-8a4f-4a48-9545-e2af15d7c7cb">
    </UnitTestResult>
  </Results>
</TestRun>