<?xml version="1.0" encoding="UTF-8"?>
<TestRun id="b9c4b198-b327-4570-866e-af9de4fbc32e" name="KIMLZY2@IN40400042-0 2012-05-31 18:46:51" runUser="KKHAD\KIMLZY2" xmlns="http://microsoft.com/schemas/VisualStudio/TeamTest/2010">
  <TestSettings name="Default Test Settings" id="48c1ec01-c3d4-435f-92a9-781d0fed67c0">
    <Deployment runDeploymentRoot="KIMLZY2_IN40400042-0 2012-05-31 18_46_51">
      <DeploymentItem filename="C:\git_repository\MvcExpenseGit1\MvcExpense\MvcExpense\bin\MvcExpense.dll" />
    </Deployment>
    <Execution>
      <TestTypeSpecific />
      <AgentRule name="Execution Agents">
      </AgentRule>
    </Execution>
  </TestSettings>
  <Times creation="2012-05-31T18:46:51.3263802+08:00" queuing="2012-05-31T18:46:52.2944770+08:00" start="2012-05-31T18:46:52.3104786+08:00" finish="2012-05-31T18:46:52.9565432+08:00" />
  <ResultSummary outcome="Completed">
    <Counters total="1" executed="1" passed="1" error="0" failed="0" timeout="0" aborted="0" inconclusive="0" passedButRunAborted="0" notRunnable="0" notExecuted="0" disconnected="0" warning="0" completed="0" inProgress="0" pending="0" />
  </ResultSummary>
  <TestDefinitions>
    <UnitTest name="TestCreateDateRangeWithYearMonth" storage="c:\git_repository\mvcexpensegit1\mvcexpense\mvcexpense.tests\bin\debug\mvcexpense.tests.dll" id="7273be56-64d0-6514-7f58-c6d4a20c76ca">
      <Execution id="5a5dea13-129e-4406-a0eb-6605e18712f2" />
      <TestMethod codeBase="C:/git_repository/MvcExpenseGit1/MvcExpense/MvcExpense.Tests/bin/Debug/MvcExpense.Tests.DLL" adapterTypeName="Microsoft.VisualStudio.TestTools.TestTypes.Unit.UnitTestAdapter, Microsoft.VisualStudio.QualityTools.Tips.UnitTest.Adapter, Version=10.0.0.0, Culture=neutral, PublicKeyToken=b03f5f7f11d50a3a" className="MvcExpense.Tests.HelperClasses.DateRangeTest, MvcExpense.Tests, Version=1.0.0.0, Culture=neutral, PublicKeyToken=null" name="TestCreateDateRangeWithYearMonth" />
    </UnitTest>
  </TestDefinitions>
  <TestLists>
    <TestList name="Results Not in a List" id="8c84fa94-04c1-424b-9868-57a2d4851a1d" />
    <TestList name="All Loaded Results" id="19431567-8539-422a-85d7-44ee4e166bda" />
  </TestLists>
  <TestEntries>
    <TestEntry testId="7273be56-64d0-6514-7f58-c6d4a20c76ca" executionId="5a5dea13-129e-4406-a0eb-6605e18712f2" testListId="8c84fa94-04c1-424b-9868-57a2d4851a1d" />
  </TestEntries>
  <Results>
    <UnitTestResult executionId="5a5dea13-129e-4406-a0eb-6605e18712f2" testId="7273be56-64d0-6514-7f58-c6d4a20c76ca" testName="TestCreateDateRangeWithYearMonth" computerName="IN40400042-0" duration="00:00:00.0428213" startTime="2012-05-31T18:46:52.3364812+08:00" endTime="2012-05-31T18:46:52.8955371+08:00" testType="13cdc9d9-ddb5-4fa4-a97d-d965ccfc6d4b" outcome="Passed" testListId="8c84fa94-04c1-424b-9868-57a2d4851a1d" relativeResultsDirectory="5a5dea13-129e-4406-a0eb-6605e18712f2">
    </UnitTestResult>
  </Results>
</TestRun>