<?xml version="1.0" encoding="UTF-8"?>
<TestRun id="1e696fca-8983-437a-bf2d-93dbb4ae223e" name="KIMLZY2@IN40400042-0 2012-05-31 18:49:47" runUser="KKHAD\KIMLZY2" xmlns="http://microsoft.com/schemas/VisualStudio/TeamTest/2010">
  <TestSettings name="Default Test Settings" id="b58ace82-eb64-4484-a738-367882d1c3f4">
    <Deployment runDeploymentRoot="KIMLZY2_IN40400042-0 2012-05-31 18_49_47">
      <DeploymentItem filename="C:\git_repository\MvcExpenseGit1\MvcExpense\MvcExpense\bin\MvcExpense.dll" />
    </Deployment>
    <Execution>
      <TestTypeSpecific />
      <AgentRule name="Execution Agents">
      </AgentRule>
    </Execution>
  </TestSettings>
  <Times creation="2012-05-31T18:49:47.8830341+08:00" queuing="2012-05-31T18:49:48.7811239+08:00" start="2012-05-31T18:49:48.8191277+08:00" finish="2012-05-31T18:49:49.4311889+08:00" />
  <ResultSummary outcome="Completed">
    <Counters total="1" executed="1" passed="1" error="0" failed="0" timeout="0" aborted="0" inconclusive="0" passedButRunAborted="0" notRunnable="0" notExecuted="0" disconnected="0" warning="0" completed="0" inProgress="0" pending="0" />
  </ResultSummary>
  <TestDefinitions>
    <UnitTest name="TestCreateDateRangeWithYearDay" storage="c:\git_repository\mvcexpensegit1\mvcexpense\mvcexpense.tests\bin\debug\mvcexpense.tests.dll" id="1fa74abe-018b-7d97-ef87-f45cb42dfca3">
      <Execution id="f595c408-0a61-4703-935d-8402dd4c3039" />
      <TestMethod codeBase="C:/git_repository/MvcExpenseGit1/MvcExpense/MvcExpense.Tests/bin/Debug/MvcExpense.Tests.DLL" adapterTypeName="Microsoft.VisualStudio.TestTools.TestTypes.Unit.UnitTestAdapter, Microsoft.VisualStudio.QualityTools.Tips.UnitTest.Adapter, Version=10.0.0.0, Culture=neutral, PublicKeyToken=b03f5f7f11d50a3a" className="MvcExpense.Tests.HelperClasses.DateRangeTest, MvcExpense.Tests, Version=1.0.0.0, Culture=neutral, PublicKeyToken=null" name="TestCreateDateRangeWithYearDay" />
    </UnitTest>
  </TestDefinitions>
  <TestLists>
    <TestList name="Results Not in a List" id="8c84fa94-04c1-424b-9868-57a2d4851a1d" />
    <TestList name="All Loaded Results" id="19431567-8539-422a-85d7-44ee4e166bda" />
  </TestLists>
  <TestEntries>
    <TestEntry testId="1fa74abe-018b-7d97-ef87-f45cb42dfca3" executionId="f595c408-0a61-4703-935d-8402dd4c3039" testListId="8c84fa94-04c1-424b-9868-57a2d4851a1d" />
  </TestEntries>
  <Results>
    <UnitTestResult executionId="f595c408-0a61-4703-935d-8402dd4c3039" testId="1fa74abe-018b-7d97-ef87-f45cb42dfca3" testName="TestCreateDateRangeWithYearDay" computerName="IN40400042-0" duration="00:00:00.0344682" startTime="2012-05-31T18:49:48.8351293+08:00" endTime="2012-05-31T18:49:49.3941852+08:00" testType="13cdc9d9-ddb5-4fa4-a97d-d965ccfc6d4b" outcome="Passed" testListId="8c84fa94-04c1-424b-9868-57a2d4851a1d" relativeResultsDirectory="f595c408-0a61-4703-935d-8402dd4c3039">
    </UnitTestResult>
  </Results>
</TestRun>